6/8/2018 6:30:56 PM CHOCA paso a nivel 2 gano HP: 8
6/16/2018 9:07:02 PM SUGAR paso a nivel 2 gano HP: 8
6/16/2018 9:07:02 PM SUGAR paso a nivel 3 gano HP: 8
6/16/2018 9:07:09 PM SUGAR paso a nivel 4 gano HP: 9
6/16/2018 9:07:15 PM SUGAR paso a nivel 5 gano HP: 10
6/16/2018 9:21:08 PM TESTIAR paso a nivel 2 gano HP: 8
6/16/2018 9:21:16 PM TESTIAR paso a nivel 3 gano HP: 10
6/16/2018 9:22:01 PM TESTIAR paso a nivel 4 gano HP: 7
6/16/2018 10:02:48 PM SUGAR paso a nivel 6 gano HP: 8
6/16/2018 10:04:12 PM SUGAR paso a nivel 7 gano HP: 8
6/17/2018 1:28:39 AM TESTIAR paso a nivel 5 gano HP: 7
6/17/2018 1:50:24 AM TESTIAR paso a nivel 6 gano HP: 9
6/17/2018 1:50:24 AM TESTIAR paso a nivel 7 gano HP: 8
6/17/2018 1:50:24 AM TESTIAR paso a nivel 8 gano HP: 9
6/17/2018 1:50:25 AM TESTIAR paso a nivel 9 gano HP: 10
6/17/2018 1:50:25 AM TESTIAR paso a nivel 10 gano HP: 8
6/17/2018 1:50:25 AM TESTIAR paso a nivel 11 gano HP: 7
6/17/2018 1:50:25 AM TESTIAR paso a nivel 12 gano HP: 7
6/17/2018 1:50:25 AM TESTIAR paso a nivel 13 gano HP: 9
6/17/2018 1:50:25 AM TESTIAR paso a nivel 14 gano HP: 9
6/17/2018 1:50:25 AM TESTIAR paso a nivel 15 gano HP: 10
6/17/2018 1:50:25 AM TESTIAR paso a nivel 16 gano HP: 7
6/17/2018 1:50:26 AM TESTIAR paso a nivel 17 gano HP: 8
6/17/2018 1:50:26 AM TESTIAR paso a nivel 18 gano HP: 8
6/17/2018 1:50:26 AM TESTIAR paso a nivel 19 gano HP: 7
6/17/2018 1:50:26 AM TESTIAR paso a nivel 20 gano HP: 10
6/17/2018 1:50:26 AM TESTIAR paso a nivel 21 gano HP: 8
6/17/2018 1:50:26 AM TESTIAR paso a nivel 22 gano HP: 8
6/17/2018 1:50:26 AM TESTIAR paso a nivel 23 gano HP: 9
6/17/2018 1:50:27 AM TESTIAR paso a nivel 24 gano HP: 9
6/17/2018 1:50:27 AM TESTIAR paso a nivel 25 gano HP: 8
6/17/2018 1:50:27 AM TESTIAR paso a nivel 26 gano HP: 9
6/17/2018 1:50:27 AM TESTIAR paso a nivel 27 gano HP: 10
6/17/2018 1:50:27 AM TESTIAR paso a nivel 28 gano HP: 9
6/17/2018 1:50:27 AM TESTIAR paso a nivel 29 gano HP: 7
6/17/2018 1:50:27 AM TESTIAR paso a nivel 30 gano HP: 10
6/17/2018 1:50:27 AM TESTIAR paso a nivel 31 gano HP: 9
6/17/2018 1:50:28 AM TESTIAR paso a nivel 32 gano HP: 10
6/17/2018 1:50:28 AM TESTIAR paso a nivel 33 gano HP: 9
6/17/2018 1:50:28 AM TESTIAR paso a nivel 34 gano HP: 10
6/17/2018 1:51:32 AM SUGAR paso a nivel 8 gano HP: 10
6/17/2018 1:51:33 AM SUGAR paso a nivel 9 gano HP: 7
6/17/2018 1:51:33 AM SUGAR paso a nivel 10 gano HP: 9
6/17/2018 1:51:33 AM SUGAR paso a nivel 11 gano HP: 9
6/17/2018 1:51:33 AM SUGAR paso a nivel 12 gano HP: 9
6/17/2018 1:51:33 AM SUGAR paso a nivel 13 gano HP: 9
6/17/2018 1:51:33 AM SUGAR paso a nivel 14 gano HP: 7
6/17/2018 1:51:33 AM SUGAR paso a nivel 15 gano HP: 10
6/17/2018 1:51:33 AM SUGAR paso a nivel 16 gano HP: 7
6/17/2018 1:51:33 AM SUGAR paso a nivel 17 gano HP: 7
6/17/2018 1:51:34 AM SUGAR paso a nivel 18 gano HP: 9
6/17/2018 1:51:34 AM SUGAR paso a nivel 19 gano HP: 10
6/17/2018 1:51:34 AM SUGAR paso a nivel 20 gano HP: 8
6/17/2018 1:51:34 AM SUGAR paso a nivel 21 gano HP: 10
6/17/2018 1:51:34 AM SUGAR paso a nivel 22 gano HP: 10
6/17/2018 1:51:34 AM SUGAR paso a nivel 23 gano HP: 8
6/17/2018 1:51:35 AM SUGAR paso a nivel 24 gano HP: 9
6/17/2018 1:51:35 AM SUGAR paso a nivel 25 gano HP: 10
6/17/2018 1:51:35 AM SUGAR paso a nivel 26 gano HP: 9
6/17/2018 1:51:35 AM SUGAR paso a nivel 27 gano HP: 8
6/17/2018 1:51:35 AM SUGAR paso a nivel 28 gano HP: 10
6/17/2018 1:51:35 AM SUGAR paso a nivel 29 gano HP: 9
6/17/2018 1:51:35 AM SUGAR paso a nivel 30 gano HP: 9
6/17/2018 1:51:35 AM SUGAR paso a nivel 31 gano HP: 10
6/17/2018 1:51:36 AM SUGAR paso a nivel 32 gano HP: 9
6/17/2018 1:51:36 AM SUGAR paso a nivel 33 gano HP: 8
6/17/2018 1:51:36 AM SUGAR paso a nivel 34 gano HP: 8
6/18/2018 3:17:14 PM TESTIAR paso a nivel 35 gano HP: 10
6/18/2018 3:17:14 PM TESTIAR paso a nivel 36 gano HP: 9
6/18/2018 3:17:14 PM TESTIAR paso a nivel 37 gano HP: 7
6/21/2018 1:21:53 AM tuma paso a nivel 2 gano HP: 8
6/21/2018 1:21:53 AM tuma paso a nivel 3 gano HP: 7
6/21/2018 1:21:53 AM tuma paso a nivel 4 gano HP: 10
6/21/2018 1:21:53 AM tuma paso a nivel 5 gano HP: 7
6/21/2018 1:21:53 AM tuma paso a nivel 6 gano HP: 7
6/21/2018 1:21:53 AM tuma paso a nivel 7 gano HP: 7
6/21/2018 1:21:53 AM tuma paso a nivel 8 gano HP: 9
6/21/2018 1:21:53 AM tuma paso a nivel 9 gano HP: 7
6/21/2018 1:21:53 AM tuma paso a nivel 10 gano HP: 9
6/21/2018 1:21:54 AM tuma paso a nivel 11 gano HP: 9
6/21/2018 1:21:54 AM tuma paso a nivel 12 gano HP: 8
6/21/2018 1:21:54 AM tuma paso a nivel 13 gano HP: 7
6/21/2018 1:21:54 AM tuma paso a nivel 14 gano HP: 8
6/21/2018 1:21:54 AM tuma paso a nivel 15 gano HP: 10
6/21/2018 1:21:54 AM tuma paso a nivel 16 gano HP: 7
6/21/2018 1:21:54 AM tuma paso a nivel 17 gano HP: 10
6/21/2018 1:21:54 AM tuma paso a nivel 18 gano HP: 7
6/21/2018 1:21:54 AM tuma paso a nivel 19 gano HP: 8
6/21/2018 1:21:54 AM tuma paso a nivel 20 gano HP: 7
6/21/2018 1:21:55 AM tuma paso a nivel 21 gano HP: 9
6/21/2018 1:21:55 AM tuma paso a nivel 22 gano HP: 8
6/21/2018 1:21:55 AM tuma paso a nivel 23 gano HP: 7
6/21/2018 1:21:55 AM tuma paso a nivel 24 gano HP: 9
6/21/2018 1:21:55 AM tuma paso a nivel 25 gano HP: 7
6/21/2018 1:21:55 AM tuma paso a nivel 26 gano HP: 10
6/21/2018 1:21:55 AM tuma paso a nivel 27 gano HP: 7
6/21/2018 1:21:55 AM tuma paso a nivel 28 gano HP: 8
6/21/2018 1:21:55 AM tuma paso a nivel 29 gano HP: 7
6/21/2018 1:21:55 AM tuma paso a nivel 30 gano HP: 8
6/21/2018 1:21:55 AM tuma paso a nivel 31 gano HP: 9
6/21/2018 1:21:55 AM tuma paso a nivel 32 gano HP: 7
6/21/2018 1:21:56 AM tuma paso a nivel 33 gano HP: 7
6/21/2018 1:21:56 AM tuma paso a nivel 34 gano HP: 9
6/21/2018 1:31:50 AM SUGAR paso a nivel 2 gano HP: 10
6/21/2018 1:31:50 AM SUGAR paso a nivel 3 gano HP: 9
6/21/2018 1:31:51 AM SUGAR paso a nivel 4 gano HP: 10
6/21/2018 1:31:51 AM SUGAR paso a nivel 5 gano HP: 8
6/21/2018 1:31:51 AM SUGAR paso a nivel 6 gano HP: 7
6/21/2018 1:31:51 AM SUGAR paso a nivel 7 gano HP: 8
6/21/2018 1:31:51 AM SUGAR paso a nivel 8 gano HP: 10
6/21/2018 1:31:52 AM SUGAR paso a nivel 9 gano HP: 10
6/21/2018 1:31:52 AM SUGAR paso a nivel 10 gano HP: 10
6/21/2018 1:31:52 AM SUGAR paso a nivel 11 gano HP: 9
6/21/2018 1:31:52 AM SUGAR paso a nivel 12 gano HP: 9
6/21/2018 1:31:53 AM SUGAR paso a nivel 13 gano HP: 10
6/21/2018 1:31:53 AM SUGAR paso a nivel 14 gano HP: 7
6/21/2018 1:31:53 AM SUGAR paso a nivel 15 gano HP: 7
6/21/2018 1:31:53 AM SUGAR paso a nivel 16 gano HP: 7
6/21/2018 1:31:54 AM SUGAR paso a nivel 17 gano HP: 8
6/21/2018 1:31:54 AM SUGAR paso a nivel 18 gano HP: 10
6/21/2018 1:31:54 AM SUGAR paso a nivel 19 gano HP: 7
6/21/2018 1:31:54 AM SUGAR paso a nivel 20 gano HP: 9
6/21/2018 1:31:55 AM SUGAR paso a nivel 21 gano HP: 9
6/21/2018 1:31:55 AM SUGAR paso a nivel 22 gano HP: 7
6/21/2018 1:31:55 AM SUGAR paso a nivel 23 gano HP: 10
6/21/2018 1:31:56 AM SUGAR paso a nivel 24 gano HP: 8
6/21/2018 1:31:56 AM SUGAR paso a nivel 25 gano HP: 10
6/21/2018 1:31:56 AM SUGAR paso a nivel 26 gano HP: 8
6/21/2018 1:31:56 AM SUGAR paso a nivel 27 gano HP: 10
6/21/2018 1:31:57 AM SUGAR paso a nivel 28 gano HP: 8
6/21/2018 1:31:57 AM SUGAR paso a nivel 29 gano HP: 10
6/21/2018 1:31:57 AM SUGAR paso a nivel 30 gano HP: 8
6/21/2018 1:31:57 AM SUGAR paso a nivel 31 gano HP: 7
6/21/2018 1:31:57 AM SUGAR paso a nivel 32 gano HP: 9
6/21/2018 1:31:58 AM SUGAR paso a nivel 33 gano HP: 7
6/21/2018 1:31:58 AM SUGAR paso a nivel 34 gano HP: 8
6/22/2018 3:40:04 AM SUGAR paso a nivel 2 gano HP: 9
6/22/2018 3:40:05 AM SUGAR paso a nivel 3 gano HP: 9
6/22/2018 3:40:05 AM SUGAR paso a nivel 4 gano HP: 10
6/22/2018 3:40:05 AM SUGAR paso a nivel 5 gano HP: 9
6/22/2018 3:40:05 AM SUGAR paso a nivel 6 gano HP: 10
6/22/2018 3:40:05 AM SUGAR paso a nivel 7 gano HP: 10
6/22/2018 3:40:05 AM SUGAR paso a nivel 8 gano HP: 7
6/22/2018 3:40:05 AM SUGAR paso a nivel 9 gano HP: 9
6/22/2018 3:40:05 AM SUGAR paso a nivel 10 gano HP: 7
6/22/2018 3:40:05 AM SUGAR paso a nivel 11 gano HP: 7
6/22/2018 3:40:05 AM SUGAR paso a nivel 12 gano HP: 7
6/22/2018 3:40:05 AM SUGAR paso a nivel 13 gano HP: 9
6/22/2018 3:40:06 AM SUGAR paso a nivel 14 gano HP: 10
6/22/2018 3:40:06 AM SUGAR paso a nivel 15 gano HP: 8
6/22/2018 10:43:28 PM TUMA paso a nivel 35 gano HP: 9
6/22/2018 10:43:28 PM TUMA paso a nivel 36 gano HP: 9
6/23/2018 5:58:00 PM SUGAR paso a nivel 16 gano HP: 10
6/23/2018 5:58:00 PM SUGAR paso a nivel 17 gano HP: 9
6/23/2018 5:58:00 PM SUGAR paso a nivel 18 gano HP: 10
6/23/2018 5:58:00 PM SUGAR paso a nivel 19 gano HP: 10
6/23/2018 5:58:00 PM SUGAR paso a nivel 20 gano HP: 11
6/23/2018 5:58:03 PM SUGAR paso a nivel 21 gano HP: 10
6/23/2018 5:58:24 PM SUGAR paso a nivel 22 gano HP: 10
6/23/2018 5:58:25 PM SUGAR paso a nivel 23 gano HP: 10
6/23/2018 5:58:31 PM SUGAR paso a nivel 24 gano HP: 11
6/24/2018 3:22:26 AM SUGAR paso a nivel 25 gano HP: 9
6/24/2018 3:23:56 AM SUGAR paso a nivel 26 gano HP: 11
6/24/2018 3:23:56 AM SUGAR paso a nivel 27 gano HP: 11
6/24/2018 3:23:56 AM SUGAR paso a nivel 28 gano HP: 10
6/24/2018 3:23:56 AM SUGAR paso a nivel 29 gano HP: 10
6/24/2018 3:23:56 AM SUGAR paso a nivel 30 gano HP: 11
6/24/2018 3:23:56 AM SUGAR paso a nivel 31 gano HP: 10
6/24/2018 3:23:56 AM SUGAR paso a nivel 32 gano HP: 11
6/24/2018 3:23:57 AM SUGAR paso a nivel 33 gano HP: 10
6/24/2018 3:23:57 AM SUGAR paso a nivel 34 gano HP: 9
6/24/2018 3:24:05 AM SUGAR paso a nivel 35 gano HP: 10
6/24/2018 3:24:05 AM SUGAR paso a nivel 36 gano HP: 9
6/24/2018 3:24:16 AM SUGAR paso a nivel 37 gano HP: 11
6/25/2018 10:52:39 PM civic paso a nivel 2 gano HP: 7
6/25/2018 10:54:09 PM CIVIC paso a nivel 3 gano HP: 7
6/25/2018 10:54:09 PM CIVIC paso a nivel 4 gano HP: 8
6/25/2018 10:54:11 PM CIVIC paso a nivel 5 gano HP: 8
6/25/2018 10:54:35 PM CIVIC paso a nivel 6 gano HP: 9
6/25/2018 10:54:38 PM CIVIC paso a nivel 7 gano HP: 9
6/25/2018 10:54:41 PM CIVIC paso a nivel 8 gano HP: 8
6/25/2018 10:54:47 PM CIVIC paso a nivel 9 gano HP: 10
6/25/2018 10:55:07 PM CIVIC paso a nivel 10 gano HP: 8
6/25/2018 10:55:20 PM CIVIC paso a nivel 11 gano HP: 8
6/25/2018 10:55:49 PM CIVIC paso a nivel 12 gano HP: 10
6/25/2018 10:56:20 PM CIVIC paso a nivel 13 gano HP: 10
6/25/2018 10:57:48 PM CIVIC paso a nivel 14 gano HP: 7
6/26/2018 5:42:40 PM civic paso a nivel 15 gano HP: 7
