5/18/2018 6:29:48 PM NEWBIE paso a nivel 2 gano HP: 10
5/18/2018 6:32:15 PM Newbie paso a nivel 3 gano HP: 9
5/18/2018 6:32:38 PM Newbie paso a nivel 4 gano HP: 9
5/19/2018 10:41:37 PM TESTIAR paso a nivel 2 gano HP: 10
5/19/2018 10:41:40 PM TESTIAR paso a nivel 3 gano HP: 7
5/19/2018 10:41:50 PM TESTIAR paso a nivel 4 gano HP: 8
5/19/2018 10:41:53 PM TESTIAR paso a nivel 5 gano HP: 10
5/19/2018 10:42:59 PM TESTIAR paso a nivel 6 gano HP: 9
5/19/2018 10:42:59 PM TESTIAR paso a nivel 7 gano HP: 10
5/19/2018 10:42:59 PM TESTIAR paso a nivel 8 gano HP: 10
5/19/2018 10:43:00 PM TESTIAR paso a nivel 9 gano HP: 10
5/19/2018 10:43:00 PM TESTIAR paso a nivel 10 gano HP: 10
5/19/2018 10:43:00 PM TESTIAR paso a nivel 11 gano HP: 8
5/19/2018 10:43:00 PM TESTIAR paso a nivel 12 gano HP: 9
5/19/2018 10:43:00 PM TESTIAR paso a nivel 13 gano HP: 9
5/19/2018 10:43:00 PM TESTIAR paso a nivel 14 gano HP: 10
5/19/2018 10:43:00 PM TESTIAR paso a nivel 15 gano HP: 7
5/19/2018 10:43:00 PM TESTIAR paso a nivel 16 gano HP: 7
5/19/2018 10:43:00 PM TESTIAR paso a nivel 17 gano HP: 7
5/19/2018 10:43:00 PM TESTIAR paso a nivel 18 gano HP: 7
5/19/2018 10:43:00 PM TESTIAR paso a nivel 19 gano HP: 7
5/19/2018 10:43:01 PM TESTIAR paso a nivel 20 gano HP: 9
5/19/2018 10:43:01 PM TESTIAR paso a nivel 21 gano HP: 10
5/19/2018 10:43:01 PM TESTIAR paso a nivel 22 gano HP: 8
5/19/2018 10:43:01 PM TESTIAR paso a nivel 23 gano HP: 9
5/19/2018 10:43:01 PM TESTIAR paso a nivel 24 gano HP: 8
5/19/2018 10:43:01 PM TESTIAR paso a nivel 25 gano HP: 8
5/19/2018 10:43:01 PM TESTIAR paso a nivel 26 gano HP: 9
5/19/2018 10:43:01 PM TESTIAR paso a nivel 27 gano HP: 9
5/19/2018 10:43:01 PM TESTIAR paso a nivel 28 gano HP: 7
5/19/2018 10:43:01 PM TESTIAR paso a nivel 29 gano HP: 9
5/19/2018 10:43:01 PM TESTIAR paso a nivel 30 gano HP: 10
5/19/2018 10:43:01 PM TESTIAR paso a nivel 31 gano HP: 9
5/19/2018 10:43:01 PM TESTIAR paso a nivel 32 gano HP: 10
5/19/2018 10:43:02 PM TESTIAR paso a nivel 33 gano HP: 9
5/19/2018 10:43:02 PM TESTIAR paso a nivel 34 gano HP: 7
5/23/2018 5:42:14 PM Testiar paso a nivel 35 gano HP: 10
5/23/2018 5:42:14 PM Testiar paso a nivel 36 gano HP: 7
5/23/2018 5:42:14 PM Testiar paso a nivel 37 gano HP: 10
5/26/2018 1:31:08 PM Choco paso a nivel 2 gano HP: 10
5/26/2018 2:24:00 PM CHOCO paso a nivel 3 gano HP: 9
5/26/2018 5:11:07 PM Choco paso a nivel 4 gano HP: 7
5/26/2018 5:11:33 PM Choco paso a nivel 5 gano HP: 7
5/26/2018 5:16:47 PM Choco paso a nivel 6 gano HP: 8
5/26/2018 7:33:10 PM choco paso a nivel 7 gano HP: 7
5/26/2018 7:33:10 PM choco paso a nivel 8 gano HP: 8
5/26/2018 7:33:10 PM choco paso a nivel 9 gano HP: 9
5/26/2018 7:33:10 PM choco paso a nivel 10 gano HP: 7
5/26/2018 7:33:10 PM choco paso a nivel 11 gano HP: 8
5/26/2018 7:33:10 PM choco paso a nivel 12 gano HP: 10
5/26/2018 7:33:10 PM choco paso a nivel 13 gano HP: 9
5/26/2018 7:33:10 PM choco paso a nivel 14 gano HP: 7
5/26/2018 7:33:10 PM choco paso a nivel 15 gano HP: 7
5/26/2018 7:33:11 PM choco paso a nivel 16 gano HP: 7
5/26/2018 7:33:11 PM choco paso a nivel 17 gano HP: 10
5/26/2018 7:33:11 PM choco paso a nivel 18 gano HP: 7
5/26/2018 7:33:11 PM choco paso a nivel 19 gano HP: 8
5/26/2018 7:33:11 PM choco paso a nivel 20 gano HP: 10
5/26/2018 7:33:11 PM choco paso a nivel 21 gano HP: 9
5/26/2018 7:33:11 PM choco paso a nivel 22 gano HP: 9
5/26/2018 7:33:11 PM choco paso a nivel 23 gano HP: 10
5/26/2018 7:33:11 PM choco paso a nivel 24 gano HP: 9
5/26/2018 7:33:11 PM choco paso a nivel 25 gano HP: 10
5/26/2018 7:33:12 PM choco paso a nivel 26 gano HP: 10
5/26/2018 7:33:12 PM choco paso a nivel 27 gano HP: 7
5/26/2018 7:33:12 PM choco paso a nivel 28 gano HP: 7
5/26/2018 7:33:12 PM choco paso a nivel 29 gano HP: 10
5/26/2018 7:33:12 PM choco paso a nivel 30 gano HP: 9
5/26/2018 7:33:12 PM choco paso a nivel 31 gano HP: 8
5/26/2018 7:33:12 PM choco paso a nivel 32 gano HP: 10
5/26/2018 7:33:12 PM choco paso a nivel 33 gano HP: 10
5/26/2018 7:33:12 PM choco paso a nivel 34 gano HP: 9
5/26/2018 7:33:12 PM choco paso a nivel 35 gano HP: 8
5/26/2018 7:33:12 PM choco paso a nivel 36 gano HP: 8
5/26/2018 7:33:12 PM choco paso a nivel 37 gano HP: 9
5/26/2018 7:34:19 PM sugar paso a nivel 2 gano HP: 10
5/26/2018 7:34:19 PM sugar paso a nivel 3 gano HP: 10
5/26/2018 7:34:19 PM sugar paso a nivel 4 gano HP: 10
5/26/2018 7:34:20 PM sugar paso a nivel 5 gano HP: 8
5/26/2018 7:34:20 PM sugar paso a nivel 6 gano HP: 9
5/26/2018 7:34:20 PM sugar paso a nivel 7 gano HP: 7
5/26/2018 7:34:20 PM sugar paso a nivel 8 gano HP: 7
5/26/2018 7:34:20 PM sugar paso a nivel 9 gano HP: 8
5/26/2018 7:34:20 PM sugar paso a nivel 10 gano HP: 7
5/26/2018 7:34:20 PM sugar paso a nivel 11 gano HP: 7
5/26/2018 7:34:20 PM sugar paso a nivel 12 gano HP: 8
5/26/2018 7:34:20 PM sugar paso a nivel 13 gano HP: 8
5/26/2018 7:34:20 PM sugar paso a nivel 14 gano HP: 7
5/26/2018 7:34:21 PM sugar paso a nivel 15 gano HP: 10
5/26/2018 7:34:21 PM sugar paso a nivel 16 gano HP: 8
5/26/2018 7:34:21 PM sugar paso a nivel 17 gano HP: 8
5/26/2018 7:34:21 PM sugar paso a nivel 18 gano HP: 10
5/26/2018 7:34:21 PM sugar paso a nivel 19 gano HP: 10
5/26/2018 7:34:21 PM sugar paso a nivel 20 gano HP: 8
5/26/2018 7:34:21 PM sugar paso a nivel 21 gano HP: 9
5/26/2018 7:34:21 PM sugar paso a nivel 22 gano HP: 7
5/26/2018 7:34:22 PM sugar paso a nivel 23 gano HP: 9
5/26/2018 7:34:22 PM sugar paso a nivel 24 gano HP: 8
5/26/2018 7:34:22 PM sugar paso a nivel 25 gano HP: 8
5/26/2018 7:34:22 PM sugar paso a nivel 26 gano HP: 7
5/26/2018 7:34:22 PM sugar paso a nivel 27 gano HP: 8
5/26/2018 7:34:22 PM sugar paso a nivel 28 gano HP: 7
5/26/2018 7:34:22 PM sugar paso a nivel 29 gano HP: 10
5/26/2018 7:34:22 PM sugar paso a nivel 30 gano HP: 7
5/26/2018 7:34:22 PM sugar paso a nivel 31 gano HP: 9
5/26/2018 7:34:23 PM sugar paso a nivel 32 gano HP: 10
5/26/2018 7:34:23 PM sugar paso a nivel 33 gano HP: 7
5/26/2018 7:34:23 PM sugar paso a nivel 34 gano HP: 7
