NEWBIE completó el nivel 1 en 129.031 segundos.
NEWBIE completó el nivel 2 en 123.391 segundos.
NEWBIE completó el nivel 3 en 23.969 segundos.
TESTIAR completó el nivel 1 en 68.891 segundos.
TESTIAR completó el nivel 2 en 3.578 segundos.
TESTIAR completó el nivel 3 en 9.453 segundos.
TESTIAR completó el nivel 4 en 3.641 segundos.
TESTIAR completó el nivel 5 en 664.891 segundos.
TESTIAR completó el nivel 6 en 0.063 segundos.
TESTIAR completó el nivel 7 en 0.016 segundos.
TESTIAR completó el nivel 8 en 0.016 segundos.
TESTIAR completó el nivel 9 en 0.031 segundos.
TESTIAR completó el nivel 10 en 0.078 segundos.
TESTIAR completó el nivel 11 en 0.015 segundos.
TESTIAR completó el nivel 12 en 0.032 segundos.
TESTIAR completó el nivel 13 en 0.031 segundos.
TESTIAR completó el nivel 14 en 0.031 segundos.
TESTIAR completó el nivel 15 en 0.016 segundos.
TESTIAR completó el nivel 16 en 0.015 segundos.
TESTIAR completó el nivel 17 en 0.016 segundos.
TESTIAR completó el nivel 18 en 0.032 segundos.
TESTIAR completó el nivel 19 en 0.062 segundos.
TESTIAR completó el nivel 20 en 0.016 segundos.
TESTIAR completó el nivel 21 en 0.031 segundos.
TESTIAR completó el nivel 22 en 0.031 segundos.
TESTIAR completó el nivel 23 en 0.016 segundos.
TESTIAR completó el nivel 24 en 0.015 segundos.
TESTIAR completó el nivel 25 en 0.016 segundos.
TESTIAR completó el nivel 26 en 0.015 segundos.
TESTIAR completó el nivel 27 en 0.031 segundos.
TESTIAR completó el nivel 28 en 0.031 segundos.
TESTIAR completó el nivel 29 en 0.031 segundos.
TESTIAR completó el nivel 30 en 0.016 segundos.
TESTIAR completó el nivel 31 en 0.031 segundos.
TESTIAR completó el nivel 32 en 0.078 segundos.
TESTIAR completó el nivel 33 en 0.015 segundos.
TESTIAR completó el nivel 34 en 947.093 segundos.
TESTIAR completó el nivel 35 en 0.046 segundos.
TESTIAR completó el nivel 36 en 0.031 segundos.
CHOCO completó el nivel 1 en 701.016 segundos.
CHOCO completó el nivel 2 en 1436.25 segundos.
CHOCO completó el nivel 3 en 283.234 segundos.
CHOCO completó el nivel 4 en 26.11 segundos.
CHOCO completó el nivel 5 en 313.734 segundos.
CHOCO completó el nivel 6 en 5795.406 segundos.
CHOCO completó el nivel 7 en 0.031 segundos.
CHOCO completó el nivel 8 en 0.031 segundos.
CHOCO completó el nivel 9 en 0.032 segundos.
CHOCO completó el nivel 10 en 0.031 segundos.
CHOCO completó el nivel 11 en 0.016 segundos.
CHOCO completó el nivel 12 en 0.016 segundos.
CHOCO completó el nivel 13 en 0.016 segundos.
CHOCO completó el nivel 14 en 0.032 segundos.
CHOCO completó el nivel 15 en 0.015 segundos.
CHOCO completó el nivel 16 en 0.031 segundos.
CHOCO completó el nivel 17 en 0.031 segundos.
CHOCO completó el nivel 18 en 0.032 segundos.
CHOCO completó el nivel 19 en 0.094 segundos.
CHOCO completó el nivel 20 en 0.015 segundos.
CHOCO completó el nivel 21 en 0.031 segundos.
CHOCO completó el nivel 22 en 0.031 segundos.
CHOCO completó el nivel 23 en 0.015 segundos.
CHOCO completó el nivel 24 en 0.031 segundos.
CHOCO completó el nivel 25 en 0.016 segundos.
CHOCO completó el nivel 26 en 0.031 segundos.
CHOCO completó el nivel 27 en 0.031 segundos.
CHOCO completó el nivel 28 en 0.047 segundos.
CHOCO completó el nivel 29 en 0.031 segundos.
CHOCO completó el nivel 30 en 0.031 segundos.
CHOCO completó el nivel 31 en 0.031 segundos.
CHOCO completó el nivel 32 en 0.015 segundos.
CHOCO completó el nivel 33 en 0.032 segundos.
CHOCO completó el nivel 34 en 0.016 segundos.
CHOCO completó el nivel 35 en 0.031 segundos.
CHOCO completó el nivel 36 en 0.047 segundos.
SUGAR completó el nivel 1 en 5815.375 segundos.
SUGAR completó el nivel 2 en 0.032 segundos.
SUGAR completó el nivel 3 en 0.031 segundos.
SUGAR completó el nivel 4 en 0.031 segundos.
SUGAR completó el nivel 5 en 0.032 segundos.
SUGAR completó el nivel 6 en 0.032 segundos.
SUGAR completó el nivel 7 en 0.031 segundos.
SUGAR completó el nivel 8 en 0.032 segundos.
SUGAR completó el nivel 9 en 0.031 segundos.
SUGAR completó el nivel 10 en 0.032 segundos.
SUGAR completó el nivel 11 en 0.046 segundos.
SUGAR completó el nivel 12 en 0.032 segundos.
SUGAR completó el nivel 13 en 0.078 segundos.
SUGAR completó el nivel 14 en 0.062 segundos.
SUGAR completó el nivel 15 en 0.047 segundos.
SUGAR completó el nivel 16 en 0.047 segundos.
SUGAR completó el nivel 17 en 0.031 segundos.
SUGAR completó el nivel 18 en 0.031 segundos.
SUGAR completó el nivel 19 en 0.031 segundos.
SUGAR completó el nivel 20 en 0.062 segundos.
SUGAR completó el nivel 21 en 0.078 segundos.
SUGAR completó el nivel 22 en 0.031 segundos.
SUGAR completó el nivel 23 en 0.047 segundos.
SUGAR completó el nivel 24 en 0.047 segundos.
SUGAR completó el nivel 25 en 0.016 segundos.
SUGAR completó el nivel 26 en 0.062 segundos.
SUGAR completó el nivel 27 en 0.078 segundos.
SUGAR completó el nivel 28 en 0.032 segundos.
SUGAR completó el nivel 29 en 0.047 segundos.
SUGAR completó el nivel 30 en 0.031 segundos.
SUGAR completó el nivel 31 en 0.031 segundos.
SUGAR completó el nivel 32 en 0.079 segundos.
SUGAR completó el nivel 33 en 0.063 segundos.
CHOCA completó el nivel 1 en 1865.031 segundos.
SUGAR completó el nivel 1 en 139.266 segundos.
SUGAR completó el nivel 2 en 0.063 segundos.
SUGAR completó el nivel 3 en 7.562 segundos.
SUGAR completó el nivel 4 en 5.922 segundos.
TESTIAR completó el nivel 1 en 531.984 segundos.
TESTIAR completó el nivel 2 en 7.86 segundos.
TESTIAR completó el nivel 3 en 44.875 segundos.
SUGAR completó el nivel 5 en 1095.734 segundos.
SUGAR completó el nivel 6 en 83.86 segundos.
TESTIAR completó el nivel 4 en 2631.5 segundos.
TESTIAR completó el nivel 5 en 1076.079 segundos.
TESTIAR completó el nivel 6 en 0.031 segundos.
TESTIAR completó el nivel 7 en 0.032 segundos.
TESTIAR completó el nivel 8 en 0.031 segundos.
TESTIAR completó el nivel 9 en 0.031 segundos.
TESTIAR completó el nivel 10 en 0.031 segundos.
TESTIAR completó el nivel 11 en 0.047 segundos.
TESTIAR completó el nivel 12 en 0.078 segundos.
TESTIAR completó el nivel 13 en 0.032 segundos.
TESTIAR completó el nivel 14 en 0.031 segundos.
TESTIAR completó el nivel 15 en 0.172 segundos.
TESTIAR completó el nivel 16 en 0.047 segundos.
TESTIAR completó el nivel 17 en 0.031 segundos.
TESTIAR completó el nivel 18 en 0.047 segundos.
TESTIAR completó el nivel 19 en 0.109 segundos.
TESTIAR completó el nivel 20 en 0.031 segundos.
TESTIAR completó el nivel 21 en 0.031 segundos.
TESTIAR completó el nivel 22 en 0.046 segundos.
TESTIAR completó el nivel 23 en 0.062 segundos.
TESTIAR completó el nivel 24 en 0.047 segundos.
TESTIAR completó el nivel 25 en 0.031 segundos.
TESTIAR completó el nivel 26 en 0.046 segundos.
TESTIAR completó el nivel 27 en 0.047 segundos.
TESTIAR completó el nivel 28 en 0.047 segundos.
TESTIAR completó el nivel 29 en 0.063 segundos.
TESTIAR completó el nivel 30 en 0.032 segundos.
TESTIAR completó el nivel 31 en 0.031 segundos.
TESTIAR completó el nivel 32 en 0.031 segundos.
TESTIAR completó el nivel 33 en 0.047 segundos.
SUGAR completó el nivel 7 en 1192.422 segundos.
SUGAR completó el nivel 8 en 0.031 segundos.
SUGAR completó el nivel 9 en 0.031 segundos.
SUGAR completó el nivel 10 en 0.032 segundos.
SUGAR completó el nivel 11 en 0.047 segundos.
SUGAR completó el nivel 12 en 0.016 segundos.
SUGAR completó el nivel 13 en 0.031 segundos.
SUGAR completó el nivel 14 en 0.031 segundos.
SUGAR completó el nivel 15 en 0.047 segundos.
SUGAR completó el nivel 16 en 0.047 segundos.
SUGAR completó el nivel 17 en 0.094 segundos.
SUGAR completó el nivel 18 en 0.047 segundos.
SUGAR completó el nivel 19 en 0.063 segundos.
SUGAR completó el nivel 20 en 0.093 segundos.
SUGAR completó el nivel 21 en 0.047 segundos.
SUGAR completó el nivel 22 en 0.047 segundos.
SUGAR completó el nivel 23 en 0.047 segundos.
SUGAR completó el nivel 24 en 0.078 segundos.
SUGAR completó el nivel 25 en 0.109 segundos.
SUGAR completó el nivel 26 en 0.031 segundos.
SUGAR completó el nivel 27 en 0.046 segundos.
SUGAR completó el nivel 28 en 0.047 segundos.
SUGAR completó el nivel 29 en 0.032 segundos.
SUGAR completó el nivel 30 en 0.031 segundos.
SUGAR completó el nivel 31 en 0.031 segundos.
SUGAR completó el nivel 32 en 0.032 segundos.
SUGAR completó el nivel 33 en 0.031 segundos.
TESTIAR completó el nivel 34 en 362.453 segundos.
TESTIAR completó el nivel 35 en 0.078 segundos.
TESTIAR completó el nivel 36 en 0.063 segundos.
TUMA completó el nivel 1 en 465.937 segundos.
TUMA completó el nivel 2 en 0.141 segundos.
TUMA completó el nivel 3 en 0.031 segundos.
TUMA completó el nivel 4 en 0.015 segundos.
TUMA completó el nivel 5 en 0.047 segundos.
TUMA completó el nivel 6 en 0.016 segundos.
TUMA completó el nivel 7 en 0.032 segundos.
TUMA completó el nivel 8 en 0.031 segundos.
TUMA completó el nivel 9 en 0.015 segundos.
TUMA completó el nivel 10 en 0.016 segundos.
TUMA completó el nivel 11 en 0.031 segundos.
TUMA completó el nivel 12 en 0.031 segundos.
TUMA completó el nivel 13 en 0.094 segundos.
TUMA completó el nivel 14 en 0.032 segundos.
TUMA completó el nivel 15 en 0.016 segundos.
TUMA completó el nivel 16 en 0.016 segundos.
TUMA completó el nivel 17 en 0.032 segundos.
TUMA completó el nivel 18 en 0.032 segundos.
TUMA completó el nivel 19 en 0.031 segundos.
TUMA completó el nivel 20 en 0.047 segundos.
TUMA completó el nivel 21 en 0.031 segundos.
TUMA completó el nivel 22 en 0.032 segundos.
TUMA completó el nivel 23 en 0.016 segundos.
TUMA completó el nivel 24 en 0.031 segundos.
TUMA completó el nivel 25 en 0.016 segundos.
TUMA completó el nivel 26 en 0.032 segundos.
TUMA completó el nivel 27 en 0.032 segundos.
TUMA completó el nivel 28 en 0.016 segundos.
TUMA completó el nivel 29 en 0.016 segundos.
TUMA completó el nivel 30 en 0.032 segundos.
TUMA completó el nivel 31 en 0.015 segundos.
TUMA completó el nivel 32 en 0.015 segundos.
TUMA completó el nivel 33 en 0.047 segundos.
SUGAR completó el nivel 1 en 65.75 segundos.
SUGAR completó el nivel 2 en 0.047 segundos.
SUGAR completó el nivel 3 en 0.047 segundos.
SUGAR completó el nivel 4 en 0.031 segundos.
SUGAR completó el nivel 5 en 0.078 segundos.
SUGAR completó el nivel 6 en 0.109 segundos.
SUGAR completó el nivel 7 en 0.047 segundos.
SUGAR completó el nivel 8 en 0.093 segundos.
SUGAR completó el nivel 9 en 0.047 segundos.
SUGAR completó el nivel 10 en 0.172 segundos.
SUGAR completó el nivel 11 en 0.078 segundos.
SUGAR completó el nivel 12 en 0.172 segundos.
SUGAR completó el nivel 13 en 0.047 segundos.
SUGAR completó el nivel 14 en 0.094 segundos.
SUGAR completó el nivel 15 en 0.094 segundos.
SUGAR completó el nivel 16 en 0.032 segundos.
SUGAR completó el nivel 17 en 0.062 segundos.
SUGAR completó el nivel 18 en 0.172 segundos.
SUGAR completó el nivel 19 en 0.047 segundos.
SUGAR completó el nivel 20 en 0.063 segundos.
SUGAR completó el nivel 21 en 0.078 segundos.
SUGAR completó el nivel 22 en 0.203 segundos.
SUGAR completó el nivel 23 en 0.047 segundos.
SUGAR completó el nivel 24 en 0.078 segundos.
SUGAR completó el nivel 25 en 0.109 segundos.
SUGAR completó el nivel 26 en 0.062 segundos.
SUGAR completó el nivel 27 en 0.078 segundos.
SUGAR completó el nivel 28 en 0.156 segundos.
SUGAR completó el nivel 29 en 0.047 segundos.
SUGAR completó el nivel 30 en 0.11 segundos.
SUGAR completó el nivel 31 en 0.031 segundos.
SUGAR completó el nivel 32 en 0.063 segundos.
SUGAR completó el nivel 33 en 0.156 segundos.
SUGAR completó el nivel 1 en 2378.937 segundos.
SUGAR completó el nivel 2 en 0.046 segundos.
SUGAR completó el nivel 3 en 0.031 segundos.
SUGAR completó el nivel 4 en 0.031 segundos.
SUGAR completó el nivel 5 en 0.016 segundos.
SUGAR completó el nivel 6 en 0.031 segundos.
SUGAR completó el nivel 7 en 0.032 segundos.
SUGAR completó el nivel 8 en 0.032 segundos.
SUGAR completó el nivel 9 en 0.031 segundos.
SUGAR completó el nivel 10 en 0.031 segundos.
SUGAR completó el nivel 11 en 0.031 segundos.
SUGAR completó el nivel 12 en 0.016 segundos.
SUGAR completó el nivel 13 en 0.046 segundos.
SUGAR completó el nivel 14 en 0.032 segundos.
TUMA completó el nivel 34 en 1422.047 segundos.
TUMA completó el nivel 35 en 0.093 segundos.
SUGAR completó el nivel 15 en 4302.703 segundos.
SUGAR completó el nivel 16 en 0.078 segundos.
SUGAR completó el nivel 17 en 0.078 segundos.
SUGAR completó el nivel 18 en 0.031 segundos.
SUGAR completó el nivel 19 en 0.046 segundos.
SUGAR completó el nivel 20 en 2.61 segundos.
SUGAR completó el nivel 21 en 21.469 segundos.
SUGAR completó el nivel 22 en 0.031 segundos.
SUGAR completó el nivel 23 en 6.921 segundos.
SUGAR completó el nivel 24 en 7735.047 segundos.
SUGAR completó el nivel 25 en 90.109 segundos.
SUGAR completó el nivel 26 en 0.047 segundos.
SUGAR completó el nivel 27 en 0.047 segundos.
SUGAR completó el nivel 28 en 0.031 segundos.
SUGAR completó el nivel 29 en 0.031 segundos.
SUGAR completó el nivel 30 en 0.032 segundos.
SUGAR completó el nivel 31 en 0.031 segundos.
SUGAR completó el nivel 32 en 0.047 segundos.
SUGAR completó el nivel 33 en 0.031 segundos.
SUGAR completó el nivel 34 en 8.312 segundos.
SUGAR completó el nivel 35 en 0.062 segundos.
SUGAR completó el nivel 36 en 10.578 segundos.
CIVIC completó el nivel 1 en 345.532 segundos.
CIVIC completó el nivel 2 en 50.219 segundos.
CIVIC completó el nivel 3 en 0.032 segundos.
CIVIC completó el nivel 4 en 1.781 segundos.
CIVIC completó el nivel 5 en 23.719 segundos.
CIVIC completó el nivel 6 en 3.281 segundos.
CIVIC completó el nivel 7 en 3.203 segundos.
CIVIC completó el nivel 8 en 5.813 segundos.
CIVIC completó el nivel 9 en 20.11 segundos.
CIVIC completó el nivel 10 en 12.421 segundos.
CIVIC completó el nivel 11 en 28.937 segundos.
CIVIC completó el nivel 12 en 31.203 segundos.
CIVIC completó el nivel 13 en 87.812 segundos.
CIVIC completó el nivel 14 en 581.719 segundos.
